<?xml version="1.0" encoding="UTF-8"?>
<!-- Generated by org.testng.reporters.JUnitReportReporter -->
<testsuite skipped="0" hostname="RAJASEKAR" name="com.tyss_practice.organiationTest.DeleteOrganizationTest" tests="1" failures="0" timestamp="04 Aug 2020 19:20:12 GMT" time="19.457" errors="0">
  <testcase name="deleteOrganization" time="19.457" classname="com.tyss_practice.organiationTest.DeleteOrganizationTest"/>
</testsuite> <!-- com.tyss_practice.organiationTest.DeleteOrganizationTest -->
