<?xml version="1.0" encoding="UTF-8"?>
<!-- Generated by org.testng.reporters.JUnitReportReporter -->
<testsuite skipped="0" hostname="RAJASEKAR" name="com.tyss_practice.organiationTest.CreateOrganizationTest" tests="1" failures="0" timestamp="04 Aug 2020 19:20:12 GMT" time="18.575" errors="0">
  <testcase name="createORgtest" time="18.575" classname="com.tyss_practice.organiationTest.CreateOrganizationTest"/>
</testsuite> <!-- com.tyss_practice.organiationTest.CreateOrganizationTest -->
