<?xml version="1.0" encoding="UTF-8"?>
<!-- Generated by org.testng.reporters.JUnitReportReporter -->
<testsuite skipped="0" hostname="RAJASEKAR" name="com.tyss_practice.contactTest.DeleteContactTest" tests="1" failures="0" timestamp="04 Aug 2020 19:38:31 GMT" time="36.443" errors="0">
  <testcase name="deleteContactWithOrganization" time="36.443" classname="com.tyss_practice.contactTest.DeleteContactTest"/>
</testsuite> <!-- com.tyss_practice.contactTest.DeleteContactTest -->
