<?xml version="1.0" encoding="UTF-8"?>
<!-- Generated by org.testng.reporters.JUnitReportReporter -->
<testsuite skipped="0" hostname="DESKTOP-6B9LPTN" name="com.autodesk.organiationTest.CreateOrganizationTest" tests="1" failures="0" timestamp="05 Aug 2020 06:22:17 GMT" time="22.907" errors="0">
  <testcase name="createOrgtest" time="22.907" classname="com.autodesk.organiationTest.CreateOrganizationTest"/>
</testsuite> <!-- com.autodesk.organiationTest.CreateOrganizationTest -->
