<?xml version="1.0" encoding="UTF-8"?>
<!-- Generated by org.testng.reporters.JUnitReportReporter -->
<testsuite skipped="0" hostname="RAJASEKAR" name="com.tyss_practice.contactTest.CreateContactWithOrgNametTest" tests="1" failures="0" timestamp="04 Aug 2020 19:20:12 GMT" time="24.493" errors="0">
  <testcase name="createContactWithOrgtest" time="24.493" classname="com.tyss_practice.contactTest.CreateContactWithOrgNametTest"/>
</testsuite> <!-- com.tyss_practice.contactTest.CreateContactWithOrgNametTest -->
